PLINK v1.90b6.7 64-bit (2 Dec 2018)
Options in effect:
  --make-bed
  --merge-list /home/alipazoki/Project/ex_gen_phen/8cat_maf_ldak/adr.txt
  --out /home/alipazoki/Project/ex_gen_phen/8cat_maf_ldak/small

Hostname: veena.cs.ucla.edu
Working directory: /home/alipazoki/Project/ex_gen_phen/8cat_maf_ldak
Start time: Mon Jul  8 23:30:30 2019

Random number seed: 1562653830
128656 MB RAM detected; reserving 64328 MB for main workspace.
Performing single-pass merge (8430 people, 14821 variants).
Merged fileset written to
/home/alipazoki/Project/ex_gen_phen/8cat_maf_ldak/small-merge.bed +
/home/alipazoki/Project/ex_gen_phen/8cat_maf_ldak/small-merge.bim +
/home/alipazoki/Project/ex_gen_phen/8cat_maf_ldak/small-merge.fam .
14821 variants loaded from .bim file.
8430 people (3957 males, 4473 females) loaded from .fam.
Using 1 thread (no multithreaded calculations invoked).
Before main variant filters, 8430 founders and 0 nonfounders present.
Calculating allele frequencies... done.
Total genotyping rate is 0.996545.
14821 variants and 8430 people pass filters and QC.
Note: No phenotypes present.
--make-bed to /home/alipazoki/Project/ex_gen_phen/8cat_maf_ldak/small.bed +
/home/alipazoki/Project/ex_gen_phen/8cat_maf_ldak/small.bim +
/home/alipazoki/Project/ex_gen_phen/8cat_maf_ldak/small.fam ... done.

End time: Mon Jul  8 23:30:31 2019
